[debug] [2023-04-13T16:32:34.163Z] ----------------------------------------------------------------------
[debug] [2023-04-13T16:32:34.165Z] Command:       C:\Program Files\nodejs\node.exe C:\Users\Saul\AppData\Roaming\npm\node_modules\firebase-tools\lib\bin\firebase.js init hosting
[debug] [2023-04-13T16:32:34.166Z] CLI Version:   11.26.0
[debug] [2023-04-13T16:32:34.166Z] Platform:      win32
[debug] [2023-04-13T16:32:34.166Z] Node Version:  v18.15.0
[debug] [2023-04-13T16:32:34.168Z] Time:          Thu Apr 13 2023 19:32:34 GMT+0300 (Itä-Euroopan kesäaika)
[debug] [2023-04-13T16:32:34.168Z] ----------------------------------------------------------------------
[debug] 
[debug] [2023-04-13T16:32:34.180Z] > command requires scopes: ["email","openid","https://www.googleapis.com/auth/cloudplatformprojects.readonly","https://www.googleapis.com/auth/firebase","https://www.googleapis.com/auth/cloud-platform"]
[debug] [2023-04-13T16:32:34.181Z] > authorizing via signed-in user (saul.koskinen@gmail.com)
[info] 
     ######## #### ########  ######## ########     ###     ######  ########
     ##        ##  ##     ## ##       ##     ##  ##   ##  ##       ##
     ######    ##  ########  ######   ########  #########  ######  ######
     ##        ##  ##    ##  ##       ##     ## ##     ##       ## ##
     ##       #### ##     ## ######## ########  ##     ##  ######  ########

You're about to initialize a Firebase project in this directory:

  C:\Users\Saul\projects\tua-website

[info] 
=== Project Setup
[info] 
[info] First, let's associate this project directory with a Firebase project.
[info] You can create multiple project aliases by running firebase use --add, 
[info] but for now we'll just set up a default project.
[info] 
[debug] [2023-04-13T16:32:42.440Z] >>> [apiv2][query] GET https://firebase.googleapis.com/v1beta1/projects pageSize=100
[debug] [2023-04-13T16:32:43.023Z] <<< [apiv2][status] GET https://firebase.googleapis.com/v1beta1/projects 200
[debug] [2023-04-13T16:32:43.024Z] <<< [apiv2][body] GET https://firebase.googleapis.com/v1beta1/projects [omitted]
[info] i  Using project tua-website-1681296175377 (Tua Website) 
[info] 
=== Hosting Setup
[info] 
[info] Your public directory is the folder (relative to your project directory) that
[info] will contain Hosting assets to be uploaded with firebase deploy. If you
[info] have a build process for your assets, use your build's output directory.
[info] 
